INFO:root:Data processing started at 2020-04-12 06:16:53.777042
DEBUG:urllib3.util.retry:Converted retries value: 3 -> Retry(total=3, connect=None, read=None, redirect=None, status=None)
DEBUG:google.auth.transport.requests:Making request: POST https://oauth2.googleapis.com/token
DEBUG:urllib3.connectionpool:Starting new HTTPS connection (1): oauth2.googleapis.com:443
DEBUG:urllib3.connectionpool:https://oauth2.googleapis.com:443 "POST /token HTTP/1.1" 200 None
DEBUG:urllib3.connectionpool:Starting new HTTPS connection (1): storage.googleapis.com:443
DEBUG:urllib3.connectionpool:https://storage.googleapis.com:443 "GET /storage/v1/b/cms-beneficiary?projection=noAcl HTTP/1.1" 200 593
DEBUG:urllib3.connectionpool:https://storage.googleapis.com:443 "GET /storage/v1/b/cms-inpatient?projection=noAcl HTTP/1.1" 200 587
DEBUG:urllib3.connectionpool:Starting new HTTPS connection (1): www.cms.gov:443
DEBUG:urllib3.connectionpool:https://www.cms.gov:443 "GET /Research-Statistics-Data-and-Systems/Downloadable-Public-Use-Files/SynPUFs/DE_Syn_PUF HTTP/1.1" 200 16561
DEBUG:urllib3.connectionpool:Starting new HTTPS connection (1): www.cms.gov:443
DEBUG:urllib3.connectionpool:https://www.cms.gov:443 "GET /Research-Statistics-Data-and-Systems/Downloadable-Public-Use-Files/SynPUFs/DESample01 HTTP/1.1" 200 15880
DEBUG:urllib3.connectionpool:Starting new HTTPS connection (1): www.cms.gov:443
DEBUG:urllib3.connectionpool:https://www.cms.gov:443 "GET /Research-Statistics-Data-and-Systems/Downloadable-Public-Use-Files/SynPUFs/Downloads/DE1_0_2008_Beneficiary_Summary_File_Sample_1.zip HTTP/1.1" 200 3119160
DEBUG:urllib3.connectionpool:https://storage.googleapis.com:443 "POST /upload/storage/v1/b/cms-beneficiary/o?uploadType=resumable HTTP/1.1" 200 0
DEBUG:urllib3.connectionpool:https://storage.googleapis.com:443 "PUT /upload/storage/v1/b/cms-beneficiary/o?uploadType=resumable&upload_id=AEnB2UoX2WslrARfRvh_aWNMAUB89f4iwmvEYQcPs713rqPU3pK6JBMIsbtJZriLelApILB_C2Gbb-55AB0pcrJed7gIriLpUo6RT7-7xxaJLGKc7lJbiR8 HTTP/1.1" 200 928
DEBUG:urllib3.connectionpool:Starting new HTTPS connection (1): www.cms.gov:443
DEBUG:urllib3.connectionpool:https://www.cms.gov:443 "GET /Research-Statistics-Data-and-Systems/Downloadable-Public-Use-Files/SynPUFs/Downloads/DE1_0_2008_to_2010_Inpatient_Claims_Sample_1.zip HTTP/1.1" 200 4162147
DEBUG:urllib3.connectionpool:https://storage.googleapis.com:443 "POST /upload/storage/v1/b/cms-inpatient/o?uploadType=resumable HTTP/1.1" 200 0
DEBUG:urllib3.connectionpool:https://storage.googleapis.com:443 "PUT /upload/storage/v1/b/cms-inpatient/o?uploadType=resumable&upload_id=AEnB2Ureth0T_viS5JMGBRbQ_6nVUC6cEvIwyECWzk8Bb_7fqWCaFoEer9HHTh0xYMfTix9ChAgkYmh2IBDVHyoIb8b1ldtpirw4SivHp-KRUibaz_4QWcI HTTP/1.1" 200 920
DEBUG:urllib3.connectionpool:Starting new HTTPS connection (1): www.cms.gov:443
DEBUG:urllib3.connectionpool:https://www.cms.gov:443 "GET /Research-Statistics-Data-and-Systems/Downloadable-Public-Use-Files/SynPUFs/Downloads/DE1_0_2009_Beneficiary_Summary_File_Sample_1.zip HTTP/1.1" 200 3177446
DEBUG:urllib3.connectionpool:https://storage.googleapis.com:443 "POST /upload/storage/v1/b/cms-beneficiary/o?uploadType=resumable HTTP/1.1" 200 0
DEBUG:urllib3.connectionpool:https://storage.googleapis.com:443 "PUT /upload/storage/v1/b/cms-beneficiary/o?uploadType=resumable&upload_id=AEnB2UqjrO6Rv6EgrpG7OWxP-AG8Ftn0Xq8y8TeQhRwlpiu8QjuiYrk2PdpRxkyV314IKSC5-hlmta11Wt3-WzlpiSHaUsf2MaRdA5kA8BIjiNXlYq5-MCQ HTTP/1.1" 200 928
DEBUG:urllib3.connectionpool:Starting new HTTPS connection (1): www.cms.gov:443
DEBUG:urllib3.connectionpool:https://www.cms.gov:443 "GET /Research-Statistics-Data-and-Systems/Downloadable-Public-Use-Files/SynPUFs/Downloads/DE1_0_2010_Beneficiary_Summary_File_Sample_20.zip HTTP/1.1" 200 2960045
DEBUG:urllib3.connectionpool:https://storage.googleapis.com:443 "POST /upload/storage/v1/b/cms-beneficiary/o?uploadType=resumable HTTP/1.1" 200 0
DEBUG:urllib3.connectionpool:https://storage.googleapis.com:443 "PUT /upload/storage/v1/b/cms-beneficiary/o?uploadType=resumable&upload_id=AEnB2Uo38Esf8NO15ujmGrtdR5ZBt7cYxVi7PLYQjF-8d93tvcdzyKjvy1NsG8Kul6GV-xlun0rfrNOLccdC0-3mI128OiTeNUqflAK1VPqlcpdWEsmmfI8 HTTP/1.1" 200 932
DEBUG:urllib3.connectionpool:Starting new HTTPS connection (1): www.cms.gov:443
DEBUG:urllib3.connectionpool:https://www.cms.gov:443 "GET /Research-Statistics-Data-and-Systems/Downloadable-Public-Use-Files/SynPUFs/DESample02 HTTP/1.1" 200 15813
DEBUG:urllib3.connectionpool:Starting new HTTPS connection (1): www.cms.gov:443
DEBUG:urllib3.connectionpool:https://www.cms.gov:443 "GET /Research-Statistics-Data-and-Systems/Downloadable-Public-Use-Files/SynPUFs/Downloads/DE1_0_2008_Beneficiary_Summary_File_Sample_2.zip HTTP/1.1" 200 3120446
DEBUG:urllib3.connectionpool:https://storage.googleapis.com:443 "POST /upload/storage/v1/b/cms-beneficiary/o?uploadType=resumable HTTP/1.1" 200 0
DEBUG:urllib3.connectionpool:https://storage.googleapis.com:443 "PUT /upload/storage/v1/b/cms-beneficiary/o?uploadType=resumable&upload_id=AEnB2UpjqkNyh_XPYf2PhhZWze8W3pPp1jHHESTIEIx7rQ1cTI_jS3FyuHZuhVtnSwWtylcDxWOcMHVFC5AYQKyLJJ78llSiRQ HTTP/1.1" 200 928
DEBUG:urllib3.connectionpool:Starting new HTTPS connection (1): www.cms.gov:443
DEBUG:urllib3.connectionpool:https://www.cms.gov:443 "GET /Research-Statistics-Data-and-Systems/Downloadable-Public-Use-Files/SynPUFs/Downloads/DE1_0_2008_to_2010_Inpatient_Claims_Sample_2.zip HTTP/1.1" 200 4129365
DEBUG:urllib3.connectionpool:https://storage.googleapis.com:443 "POST /upload/storage/v1/b/cms-inpatient/o?uploadType=resumable HTTP/1.1" 200 0
DEBUG:urllib3.connectionpool:https://storage.googleapis.com:443 "PUT /upload/storage/v1/b/cms-inpatient/o?uploadType=resumable&upload_id=AEnB2UpTPX_c5mdx46xkXs6sODuBS4xp15bIuhwGNCyrzkv-82thm98w4v4RcDHLPXSRomwWL_0c6IvCyNorPDvCAHMqeU1x8w HTTP/1.1" 200 920
DEBUG:urllib3.connectionpool:Starting new HTTPS connection (1): www.cms.gov:443
DEBUG:urllib3.connectionpool:https://www.cms.gov:443 "GET /Research-Statistics-Data-and-Systems/Downloadable-Public-Use-Files/SynPUFs/Downloads/DE1_0_2009_Beneficiary_Summary_File_Sample_2.zip HTTP/1.1" 200 3180447
DEBUG:urllib3.connectionpool:https://storage.googleapis.com:443 "POST /upload/storage/v1/b/cms-beneficiary/o?uploadType=resumable HTTP/1.1" 200 0
DEBUG:urllib3.connectionpool:https://storage.googleapis.com:443 "PUT /upload/storage/v1/b/cms-beneficiary/o?uploadType=resumable&upload_id=AEnB2Uo4C5QNUxq3bkSkw3heWv8slYnyJJlPgly5iPeuPQG8yc7iMrJMXzPp3pycy9NK7uChvHLW6OnQKsK_c65wrYqrYRaCsg HTTP/1.1" 200 928
DEBUG:urllib3.connectionpool:Starting new HTTPS connection (1): www.cms.gov:443
DEBUG:urllib3.connectionpool:https://www.cms.gov:443 "GET /Research-Statistics-Data-and-Systems/Downloadable-Public-Use-Files/SynPUFs/Downloads/DE1_0_2010_Beneficiary_Summary_File_Sample_2.zip HTTP/1.1" 200 2960653
DEBUG:urllib3.connectionpool:https://storage.googleapis.com:443 "POST /upload/storage/v1/b/cms-beneficiary/o?uploadType=resumable HTTP/1.1" 200 0
DEBUG:urllib3.connectionpool:https://storage.googleapis.com:443 "PUT /upload/storage/v1/b/cms-beneficiary/o?uploadType=resumable&upload_id=AEnB2UqbIVzpyxri46DJX8zK0pd8suf-61Vf21prxDuVwpg0Jx80get5P7bneLB2vLramCGWNPtr6IcAufcrr_jTUybiC5eAJr6EMbsf1d3qkOkHX4RF89s HTTP/1.1" 200 928
DEBUG:urllib3.connectionpool:Starting new HTTPS connection (1): www.cms.gov:443
DEBUG:urllib3.connectionpool:https://www.cms.gov:443 "GET /Research-Statistics-Data-and-Systems/Downloadable-Public-Use-Files/SynPUFs/DESample03 HTTP/1.1" 200 15843
DEBUG:urllib3.connectionpool:Starting new HTTPS connection (1): www.cms.gov:443
DEBUG:urllib3.connectionpool:https://www.cms.gov:443 "GET /Research-Statistics-Data-and-Systems/Downloadable-Public-Use-Files/SynPUFs/Downloads/DE1_0_2008_Beneficiary_Summary_File_Sample_3.zip HTTP/1.1" 200 3119868
DEBUG:urllib3.connectionpool:https://storage.googleapis.com:443 "POST /upload/storage/v1/b/cms-beneficiary/o?uploadType=resumable HTTP/1.1" 200 0
DEBUG:urllib3.connectionpool:https://storage.googleapis.com:443 "PUT /upload/storage/v1/b/cms-beneficiary/o?uploadType=resumable&upload_id=AEnB2Uqh6ET3wqLdMUOtxarvhxVxycRC5SDFS3N-PbqH4fc7fUnEvGphsJ_ADiCX7PrfagaCn0k76HnuBXm2wPkb8rhp77Mm9mGo7OJ2dYFpRjBKZX5KbXg HTTP/1.1" 200 928
DEBUG:urllib3.connectionpool:Starting new HTTPS connection (1): www.cms.gov:443
DEBUG:urllib3.connectionpool:https://www.cms.gov:443 "GET /Research-Statistics-Data-and-Systems/Downloadable-Public-Use-Files/SynPUFs/Downloads/DE1_0_2008_to_2010_Inpatient_Claims_Sample_3.zip HTTP/1.1" 200 4152383
DEBUG:urllib3.connectionpool:https://storage.googleapis.com:443 "POST /upload/storage/v1/b/cms-inpatient/o?uploadType=resumable HTTP/1.1" 200 0
DEBUG:urllib3.connectionpool:https://storage.googleapis.com:443 "PUT /upload/storage/v1/b/cms-inpatient/o?uploadType=resumable&upload_id=AEnB2Ur3LwFSGlYcCq50ymmei1rrSsUCXU5ZLcIT19HohaKOSI6-87jQ_F4C-LEi329dpKuocyZfYYGJ-4SsDW_g44Q19WChQg HTTP/1.1" 200 920
DEBUG:urllib3.connectionpool:Starting new HTTPS connection (1): www.cms.gov:443
DEBUG:urllib3.connectionpool:https://www.cms.gov:443 "GET /Research-Statistics-Data-and-Systems/Downloadable-Public-Use-Files/SynPUFs/Downloads/DE1_0_2009_Beneficiary_Summary_File_Sample_3.zip HTTP/1.1" 200 3180283
DEBUG:urllib3.connectionpool:https://storage.googleapis.com:443 "POST /upload/storage/v1/b/cms-beneficiary/o?uploadType=resumable HTTP/1.1" 200 0
DEBUG:urllib3.connectionpool:https://storage.googleapis.com:443 "PUT /upload/storage/v1/b/cms-beneficiary/o?uploadType=resumable&upload_id=AEnB2Ur4o1WXda3RRzeFRpA2E3sW7VsUndcXfNt8ky2APNvbwsAjEJ55TefSGqQCHTZWRshRa3QYD10Ri7JRP-HpG58BBs7ud8YjxFprR_0bYClAWaxRL7Y HTTP/1.1" 200 928
DEBUG:urllib3.connectionpool:Starting new HTTPS connection (1): www.cms.gov:443
DEBUG:urllib3.connectionpool:https://www.cms.gov:443 "GET /Research-Statistics-Data-and-Systems/Downloadable-Public-Use-Files/SynPUFs/Downloads/DE1_0_2010_Beneficiary_Summary_File_Sample_3.zip HTTP/1.1" 200 2960557
DEBUG:urllib3.connectionpool:https://storage.googleapis.com:443 "POST /upload/storage/v1/b/cms-beneficiary/o?uploadType=resumable HTTP/1.1" 200 0
DEBUG:urllib3.connectionpool:https://storage.googleapis.com:443 "PUT /upload/storage/v1/b/cms-beneficiary/o?uploadType=resumable&upload_id=AEnB2UppTsmr1dnLmAT3GWJeaiJuJbwhldkPqRWnmF527Ll1kgM77beGaGdjv1_Y1DM09Hv3lQdZMwdh92XK6d0ysd783SJHiZZKWBldZS6TkatJ-HYPwjQ HTTP/1.1" 200 928
DEBUG:urllib3.connectionpool:Starting new HTTPS connection (1): www.cms.gov:443
DEBUG:urllib3.connectionpool:https://www.cms.gov:443 "GET /Research-Statistics-Data-and-Systems/Downloadable-Public-Use-Files/SynPUFs/DESample04 HTTP/1.1" 200 15822
DEBUG:urllib3.connectionpool:Starting new HTTPS connection (1): www.cms.gov:443
DEBUG:urllib3.connectionpool:https://www.cms.gov:443 "GET /Research-Statistics-Data-and-Systems/Downloadable-Public-Use-Files/SynPUFs/Downloads/DE1_0_2008_Beneficiary_Summary_File_Sample_4.zip HTTP/1.1" 200 3116834
DEBUG:urllib3.connectionpool:https://storage.googleapis.com:443 "POST /upload/storage/v1/b/cms-beneficiary/o?uploadType=resumable HTTP/1.1" 200 0
DEBUG:urllib3.connectionpool:https://storage.googleapis.com:443 "PUT /upload/storage/v1/b/cms-beneficiary/o?uploadType=resumable&upload_id=AEnB2UpOc0wv9-VvRw8BdDoKD-az6Uoj4jRrum4_e02lo5kglAEaBgSomOuvLlh4tIgot86lpHvhYlwYNOcTu2UfKdG4CzdCtw HTTP/1.1" 200 928
DEBUG:urllib3.connectionpool:Starting new HTTPS connection (1): www.cms.gov:443
DEBUG:urllib3.connectionpool:https://www.cms.gov:443 "GET /Research-Statistics-Data-and-Systems/Downloadable-Public-Use-Files/SynPUFs/Downloads/DE1_0_2008_to_2010_Inpatient_Claims_Sample_4.zip HTTP/1.1" 200 4126689
DEBUG:urllib3.connectionpool:https://storage.googleapis.com:443 "POST /upload/storage/v1/b/cms-inpatient/o?uploadType=resumable HTTP/1.1" 200 0
DEBUG:urllib3.connectionpool:https://storage.googleapis.com:443 "PUT /upload/storage/v1/b/cms-inpatient/o?uploadType=resumable&upload_id=AEnB2UpiJ8AmYIQwxtdwp2sSUv3PBlu_6tn1JV9ZcKGOTSNGCC0wluBcjXgeSst3HoEfIjYT3TeX7_vWsom0HwpbWaYchJ4cw2PGguxM9gAhXn8AyFtoz9k HTTP/1.1" 200 920
DEBUG:urllib3.connectionpool:Starting new HTTPS connection (1): www.cms.gov:443
DEBUG:urllib3.connectionpool:https://www.cms.gov:443 "GET /Research-Statistics-Data-and-Systems/Downloadable-Public-Use-Files/SynPUFs/Downloads/DE1_0_2009_Beneficiary_Summary_File_Sample_4.zip HTTP/1.1" 200 3175943
DEBUG:urllib3.connectionpool:https://storage.googleapis.com:443 "POST /upload/storage/v1/b/cms-beneficiary/o?uploadType=resumable HTTP/1.1" 200 0
DEBUG:urllib3.connectionpool:https://storage.googleapis.com:443 "PUT /upload/storage/v1/b/cms-beneficiary/o?uploadType=resumable&upload_id=AEnB2UrMT3ze7v5qvZAGR_zuPSkYG1GKkMKHJi7Eij0FNV4o1AjoHYuS7Iq0cKbcYgLKewvzR401M5wgXNXVGfhsqwH7wOeRMw HTTP/1.1" 200 928
DEBUG:urllib3.connectionpool:Starting new HTTPS connection (1): www.cms.gov:443
DEBUG:urllib3.connectionpool:https://www.cms.gov:443 "GET /Research-Statistics-Data-and-Systems/Downloadable-Public-Use-Files/SynPUFs/Downloads/DE1_0_2010_Beneficiary_Summary_File_Sample_4.zip HTTP/1.1" 200 2955541
DEBUG:urllib3.connectionpool:https://storage.googleapis.com:443 "POST /upload/storage/v1/b/cms-beneficiary/o?uploadType=resumable HTTP/1.1" 200 0
DEBUG:urllib3.connectionpool:https://storage.googleapis.com:443 "PUT /upload/storage/v1/b/cms-beneficiary/o?uploadType=resumable&upload_id=AEnB2UohlJDtVK6dwi6f-sga-hlG4Vp7wq064p7tQTrQKvE4l-gbHwAOzOI9NvTyUyVXwQfM9pZNoCFneoKr5BcIrBsXq7TGqw HTTP/1.1" 200 928
DEBUG:urllib3.connectionpool:Starting new HTTPS connection (1): www.cms.gov:443
DEBUG:urllib3.connectionpool:https://www.cms.gov:443 "GET /Research-Statistics-Data-and-Systems/Downloadable-Public-Use-Files/SynPUFs/DESample05 HTTP/1.1" 200 15817
DEBUG:urllib3.connectionpool:Starting new HTTPS connection (1): www.cms.gov:443
DEBUG:urllib3.connectionpool:https://www.cms.gov:443 "GET /Research-Statistics-Data-and-Systems/Downloadable-Public-Use-Files/SynPUFs/Downloads/DE1_0_2008_Beneficiary_Summary_File_Sample_5.zip HTTP/1.1" 200 3119446
DEBUG:urllib3.connectionpool:https://storage.googleapis.com:443 "POST /upload/storage/v1/b/cms-beneficiary/o?uploadType=resumable HTTP/1.1" 200 0
DEBUG:urllib3.connectionpool:https://storage.googleapis.com:443 "PUT /upload/storage/v1/b/cms-beneficiary/o?uploadType=resumable&upload_id=AEnB2Upuk5o6wOjvO_bR7zbLwPPfopewtUCfWX_rlSb9VzHv-XYAKHLL_VPluvQohfBY0y30Oz8f_z-Er-Ou53dQsIDXzY6TuC_KzzoJCGTih1KvJ0CKnfM HTTP/1.1" 200 928
DEBUG:urllib3.connectionpool:Starting new HTTPS connection (1): www.cms.gov:443
DEBUG:urllib3.connectionpool:https://www.cms.gov:443 "GET /Research-Statistics-Data-and-Systems/Downloadable-Public-Use-Files/SynPUFs/Downloads/DE1_0_2008_to_2010_Inpatient_Claims_Sample_5.zip HTTP/1.1" 200 4132601
DEBUG:urllib3.connectionpool:https://storage.googleapis.com:443 "POST /upload/storage/v1/b/cms-inpatient/o?uploadType=resumable HTTP/1.1" 200 0
DEBUG:urllib3.connectionpool:https://storage.googleapis.com:443 "PUT /upload/storage/v1/b/cms-inpatient/o?uploadType=resumable&upload_id=AEnB2UpBlT9rRNy6vAbZwkaMWbQFwfA5kXGa0T6VzrezvPZAUVkWD0jGpsx8yVMJSFReFsqA0EaEqDjV9hF8xKnBCCX0ReWwKp1dwzkDaTrf2S-cH3gVTmg HTTP/1.1" 200 920
DEBUG:urllib3.connectionpool:Starting new HTTPS connection (1): www.cms.gov:443
DEBUG:urllib3.connectionpool:https://www.cms.gov:443 "GET /Research-Statistics-Data-and-Systems/Downloadable-Public-Use-Files/SynPUFs/Downloads/DE1_0_2009_Beneficiary_Summary_File_Sample_5.zip HTTP/1.1" 200 3176922
DEBUG:urllib3.connectionpool:https://storage.googleapis.com:443 "POST /upload/storage/v1/b/cms-beneficiary/o?uploadType=resumable HTTP/1.1" 200 0
DEBUG:urllib3.connectionpool:https://storage.googleapis.com:443 "PUT /upload/storage/v1/b/cms-beneficiary/o?uploadType=resumable&upload_id=AEnB2UrduU5LYG1kb8cxA3UisKMD6j9OpdaYNR3u6-dMN3M8C7u2f0h9-ZuzpPc6ENQBa0WbGHBuMaz_rEfyfsGlOm78VYAay54UoxOeg3Pvh9bZ3ZNrDBA HTTP/1.1" 200 928
DEBUG:urllib3.connectionpool:Starting new HTTPS connection (1): www.cms.gov:443
DEBUG:urllib3.connectionpool:https://www.cms.gov:443 "GET /Research-Statistics-Data-and-Systems/Downloadable-Public-Use-Files/SynPUFs/Downloads/DE1_0_2010_Beneficiary_Summary_File_Sample_5.zip HTTP/1.1" 200 2958349
DEBUG:urllib3.connectionpool:https://storage.googleapis.com:443 "POST /upload/storage/v1/b/cms-beneficiary/o?uploadType=resumable HTTP/1.1" 200 0
DEBUG:urllib3.connectionpool:https://storage.googleapis.com:443 "PUT /upload/storage/v1/b/cms-beneficiary/o?uploadType=resumable&upload_id=AEnB2UrGEdCx8SqaWZ1Gjxg69XAm6wHFdmHi6rJVym5Ea17TxKyMiI11gp7l4gJkX3-V9d7ItdbHFIrCRqJnXJSmKJNXTloBO3dPozNc9cmIZOmOP9tPNJs HTTP/1.1" 200 928
DEBUG:urllib3.connectionpool:Starting new HTTPS connection (1): www.cms.gov:443
DEBUG:urllib3.connectionpool:https://www.cms.gov:443 "GET /Research-Statistics-Data-and-Systems/Downloadable-Public-Use-Files/SynPUFs/DESample06 HTTP/1.1" 200 15820
DEBUG:urllib3.connectionpool:Starting new HTTPS connection (1): www.cms.gov:443
DEBUG:urllib3.connectionpool:https://www.cms.gov:443 "GET /Research-Statistics-Data-and-Systems/Downloadable-Public-Use-Files/SynPUFs/Downloads/DE1_0_2008_Beneficiary_Summary_File_Sample_6.zip HTTP/1.1" 200 3117133
DEBUG:urllib3.connectionpool:https://storage.googleapis.com:443 "POST /upload/storage/v1/b/cms-beneficiary/o?uploadType=resumable HTTP/1.1" 200 0
DEBUG:urllib3.connectionpool:https://storage.googleapis.com:443 "PUT /upload/storage/v1/b/cms-beneficiary/o?uploadType=resumable&upload_id=AEnB2UqUM8HPSh-RZngXKI6TkZqwzNAa8RTPZ5B07rSzSLEkBnTqmbQGlhjfWtHVzW5w1HzEnwgfNUVxwIjjn7WE1_23-FwPmQ HTTP/1.1" 200 928
DEBUG:urllib3.connectionpool:Starting new HTTPS connection (1): www.cms.gov:443
DEBUG:urllib3.connectionpool:https://www.cms.gov:443 "GET /Research-Statistics-Data-and-Systems/Downloadable-Public-Use-Files/SynPUFs/Downloads/DE1_0_2008_to_2010_Inpatient_Claims_Sample_6.zip HTTP/1.1" 200 4168407
DEBUG:urllib3.connectionpool:https://storage.googleapis.com:443 "POST /upload/storage/v1/b/cms-inpatient/o?uploadType=resumable HTTP/1.1" 200 0
DEBUG:urllib3.connectionpool:https://storage.googleapis.com:443 "PUT /upload/storage/v1/b/cms-inpatient/o?uploadType=resumable&upload_id=AEnB2UpnWJ-cbRJ7YUXiuGcCNY8IBbZz_WQGkAzkaFKv-DkVkT3rissK2hVcTVuvi7vW8VQCYJ8-JYZD8DGgYGPzk0p4XD5YWg HTTP/1.1" 200 920
DEBUG:urllib3.connectionpool:Starting new HTTPS connection (1): www.cms.gov:443
DEBUG:urllib3.connectionpool:https://www.cms.gov:443 "GET /Research-Statistics-Data-and-Systems/Downloadable-Public-Use-Files/SynPUFs/Downloads/DE1_0_2009_Beneficiary_Summary_File_Sample_6.zip HTTP/1.1" 200 3180982
DEBUG:urllib3.connectionpool:https://storage.googleapis.com:443 "POST /upload/storage/v1/b/cms-beneficiary/o?uploadType=resumable HTTP/1.1" 200 0
DEBUG:urllib3.connectionpool:https://storage.googleapis.com:443 "PUT /upload/storage/v1/b/cms-beneficiary/o?uploadType=resumable&upload_id=AEnB2UqMEWFgFgIo1hqeizZgNuTU2wibIj2fMjKiml-7H2Co_AK9cG--rveWhCyKyov45aDHXa536kMhab37-DmiEZ-9roYz2UtjLOU8IrO_t7yApr_g-BY HTTP/1.1" 200 928
DEBUG:urllib3.connectionpool:Starting new HTTPS connection (1): www.cms.gov:443
DEBUG:urllib3.connectionpool:https://www.cms.gov:443 "GET /Research-Statistics-Data-and-Systems/Downloadable-Public-Use-Files/SynPUFs/Downloads/DE1_0_2010_Beneficiary_Summary_File_Sample_6.zip HTTP/1.1" 200 2960475
DEBUG:urllib3.connectionpool:https://storage.googleapis.com:443 "POST /upload/storage/v1/b/cms-beneficiary/o?uploadType=resumable HTTP/1.1" 200 0
INFO:werkzeug:127.0.0.1 - - [12/Apr/2020 06:17:55] "GET /favicon.ico HTTP/1.1" 404 -
DEBUG:urllib3.connectionpool:https://storage.googleapis.com:443 "PUT /upload/storage/v1/b/cms-beneficiary/o?uploadType=resumable&upload_id=AEnB2UqoMQKXAv2twN4t8GTL4dJCOD-sLdyF2meGHGzz4kwOfmZsIbJpPRo7snxxXWZ2rXGzXvYMgh2KfJJjKycEJsycNb8F8Q HTTP/1.1" 200 928
DEBUG:urllib3.connectionpool:Starting new HTTPS connection (1): www.cms.gov:443
DEBUG:urllib3.connectionpool:https://www.cms.gov:443 "GET /Research-Statistics-Data-and-Systems/Downloadable-Public-Use-Files/SynPUFs/DESample07 HTTP/1.1" 200 15816
DEBUG:urllib3.connectionpool:Starting new HTTPS connection (1): www.cms.gov:443
DEBUG:urllib3.connectionpool:https://www.cms.gov:443 "GET /Research-Statistics-Data-and-Systems/Downloadable-Public-Use-Files/SynPUFs/Downloads/DE1_0_2008_Beneficiary_Summary_File_Sample_7.zip HTTP/1.1" 200 3119915
DEBUG:urllib3.connectionpool:https://storage.googleapis.com:443 "POST /upload/storage/v1/b/cms-beneficiary/o?uploadType=resumable HTTP/1.1" 200 0
DEBUG:urllib3.connectionpool:https://storage.googleapis.com:443 "PUT /upload/storage/v1/b/cms-beneficiary/o?uploadType=resumable&upload_id=AEnB2Uq6LH35AIy-GR6HnwPi7eq0xbwxsazStL-0j0nk_rbYtNTQoAglYmcWkN7VUe_Rj8gFcCfBPuXJ4n73Qha3alLeWSzF48sxv53ZnxVo7Lxbb4HbM6A HTTP/1.1" 200 928
DEBUG:urllib3.connectionpool:Starting new HTTPS connection (1): www.cms.gov:443
DEBUG:urllib3.connectionpool:https://www.cms.gov:443 "GET /Research-Statistics-Data-and-Systems/Downloadable-Public-Use-Files/SynPUFs/Downloads/DE1_0_2008_to_2010_Inpatient_Claims_Sample_7.zip HTTP/1.1" 200 4159198
DEBUG:urllib3.connectionpool:https://storage.googleapis.com:443 "POST /upload/storage/v1/b/cms-inpatient/o?uploadType=resumable HTTP/1.1" 200 0
DEBUG:urllib3.connectionpool:https://storage.googleapis.com:443 "PUT /upload/storage/v1/b/cms-inpatient/o?uploadType=resumable&upload_id=AEnB2UoCU5rLg4JkYdOjy-ZmarqMMbfq-vTraMReFYVuKmlv2e_7Rcl524JBcgzQFXA1spAdu6Y1FTvGDb8cETWVLhjiKgHL2ItivhfXXxzLFxP92OfeDVA HTTP/1.1" 200 920
DEBUG:urllib3.connectionpool:Starting new HTTPS connection (1): www.cms.gov:443
DEBUG:urllib3.connectionpool:https://www.cms.gov:443 "GET /Research-Statistics-Data-and-Systems/Downloadable-Public-Use-Files/SynPUFs/Downloads/DE1_0_2009_Beneficiary_Summary_File_Sample_7.zip HTTP/1.1" 200 3179845
DEBUG:urllib3.connectionpool:https://storage.googleapis.com:443 "POST /upload/storage/v1/b/cms-beneficiary/o?uploadType=resumable HTTP/1.1" 200 0
DEBUG:urllib3.connectionpool:https://storage.googleapis.com:443 "PUT /upload/storage/v1/b/cms-beneficiary/o?uploadType=resumable&upload_id=AEnB2UqrE92s67QaN_gvU-IoQlqORHP8kR7o4MWvUipOMUkKl5tTAmArGUbNR7W91dYiiwc_3xE-nJaGj7MZ_As93EqzpCp_yw HTTP/1.1" 200 928
DEBUG:urllib3.connectionpool:Starting new HTTPS connection (1): www.cms.gov:443
DEBUG:urllib3.connectionpool:https://www.cms.gov:443 "GET /Research-Statistics-Data-and-Systems/Downloadable-Public-Use-Files/SynPUFs/Downloads/DE1_0_2010_Beneficiary_Summary_File_Sample_7.zip HTTP/1.1" 200 2960863
DEBUG:urllib3.connectionpool:https://storage.googleapis.com:443 "POST /upload/storage/v1/b/cms-beneficiary/o?uploadType=resumable HTTP/1.1" 200 0
DEBUG:urllib3.connectionpool:https://storage.googleapis.com:443 "PUT /upload/storage/v1/b/cms-beneficiary/o?uploadType=resumable&upload_id=AEnB2Urs-2CtkeYmp_J74dyf8lrVnJqKCZJqKaVTnM1IWAZQz-BjecQhnF1hIRY-M7YfaZBR1LPDvvNX5Haj8qXwn43ElgCPyjx4i3IHIf9oY4_6Hvovqaw HTTP/1.1" 200 928
DEBUG:urllib3.connectionpool:Starting new HTTPS connection (1): www.cms.gov:443
DEBUG:urllib3.connectionpool:https://www.cms.gov:443 "GET /Research-Statistics-Data-and-Systems/Downloadable-Public-Use-Files/SynPUFs/DESample08 HTTP/1.1" 200 15816
DEBUG:urllib3.connectionpool:Starting new HTTPS connection (1): www.cms.gov:443
DEBUG:urllib3.connectionpool:https://www.cms.gov:443 "GET /Research-Statistics-Data-and-Systems/Downloadable-Public-Use-Files/SynPUFs/Downloads/DE1_0_2008_Beneficiary_Summary_File_Sample_8.zip HTTP/1.1" 200 3117562
DEBUG:urllib3.connectionpool:https://storage.googleapis.com:443 "POST /upload/storage/v1/b/cms-beneficiary/o?uploadType=resumable HTTP/1.1" 200 0
DEBUG:urllib3.connectionpool:https://storage.googleapis.com:443 "PUT /upload/storage/v1/b/cms-beneficiary/o?uploadType=resumable&upload_id=AEnB2UrdV12RBmyYhxSxjEIitIEOk1yugXOtGUad1HiR7-xPJoAm0qv5ibMp2feTVAnEGuB3Uz3KHV32Gtw94hKHphKJIwPY8di6cybUxHGPQg6O48mVVmg HTTP/1.1" 200 928
DEBUG:urllib3.connectionpool:Starting new HTTPS connection (1): www.cms.gov:443
DEBUG:urllib3.connectionpool:https://www.cms.gov:443 "GET /Research-Statistics-Data-and-Systems/Downloadable-Public-Use-Files/SynPUFs/Downloads/DE1_0_2008_to_2010_Inpatient_Claims_Sample_8.zip HTTP/1.1" 200 4133698
DEBUG:urllib3.connectionpool:https://storage.googleapis.com:443 "POST /upload/storage/v1/b/cms-inpatient/o?uploadType=resumable HTTP/1.1" 200 0
DEBUG:urllib3.connectionpool:https://storage.googleapis.com:443 "PUT /upload/storage/v1/b/cms-inpatient/o?uploadType=resumable&upload_id=AEnB2UpQ3pzeJxmSTLnABy6DaBLdkau9jW_YF5AppemNeNkUfUfG8d8F-5tZdGmgdtZBD7mcFBPTt2ivMrH0sVxbdTh8L-hBLpd1l7xSY89xr77xyzd12XY HTTP/1.1" 200 920
DEBUG:urllib3.connectionpool:Starting new HTTPS connection (1): www.cms.gov:443
DEBUG:urllib3.connectionpool:https://www.cms.gov:443 "GET /Research-Statistics-Data-and-Systems/Downloadable-Public-Use-Files/SynPUFs/Downloads/DE1_0_2009_Beneficiary_Summary_File_Sample_8.zip HTTP/1.1" 200 3178404
DEBUG:urllib3.connectionpool:https://storage.googleapis.com:443 "POST /upload/storage/v1/b/cms-beneficiary/o?uploadType=resumable HTTP/1.1" 200 0
DEBUG:urllib3.connectionpool:https://storage.googleapis.com:443 "PUT /upload/storage/v1/b/cms-beneficiary/o?uploadType=resumable&upload_id=AEnB2Uq9Jt_-d4LZkRYZYeEzN9UOPrq6RtINs2Qc-q7kfAnqm51J0zVQa-vFy1opT43gGvYLyNwjE0VsHqJu-6xGeWX8BbOwcH1PNeXiZLFHUNvO1vnc-7w HTTP/1.1" 200 928
DEBUG:urllib3.connectionpool:Starting new HTTPS connection (1): www.cms.gov:443
DEBUG:urllib3.connectionpool:https://www.cms.gov:443 "GET /Research-Statistics-Data-and-Systems/Downloadable-Public-Use-Files/SynPUFs/Downloads/DE1_0_2010_Beneficiary_Summary_File_Sample_8.zip HTTP/1.1" 200 2957282
DEBUG:urllib3.connectionpool:https://storage.googleapis.com:443 "POST /upload/storage/v1/b/cms-beneficiary/o?uploadType=resumable HTTP/1.1" 200 0
DEBUG:urllib3.connectionpool:https://storage.googleapis.com:443 "PUT /upload/storage/v1/b/cms-beneficiary/o?uploadType=resumable&upload_id=AEnB2UouikpaqaeEHTuoWVxFHgV_BS7xF0TpJgNXoZeRUPLz5Hy0DYyfG9wQiLqApH5FIGD-hPp_ith7c6_Q24OpYTVDsxj8VuN9TnRaJ6JP073SgKYxDPw HTTP/1.1" 200 928
DEBUG:urllib3.connectionpool:Starting new HTTPS connection (1): www.cms.gov:443
DEBUG:urllib3.connectionpool:https://www.cms.gov:443 "GET /Research-Statistics-Data-and-Systems/Downloadable-Public-Use-Files/SynPUFs/DESample09 HTTP/1.1" 200 15817
DEBUG:urllib3.connectionpool:Starting new HTTPS connection (1): www.cms.gov:443
DEBUG:urllib3.connectionpool:https://www.cms.gov:443 "GET /Research-Statistics-Data-and-Systems/Downloadable-Public-Use-Files/SynPUFs/Downloads/DE1_0_2008_Beneficiary_Summary_File_Sample_9.zip HTTP/1.1" 200 3116722
DEBUG:urllib3.connectionpool:https://storage.googleapis.com:443 "POST /upload/storage/v1/b/cms-beneficiary/o?uploadType=resumable HTTP/1.1" 200 0
DEBUG:urllib3.connectionpool:https://storage.googleapis.com:443 "PUT /upload/storage/v1/b/cms-beneficiary/o?uploadType=resumable&upload_id=AEnB2UomKmp4fjc9k-1ML6b4wGO1Q86s5gQRXE6Kbq8yUl9b_BBQ_Ux88Mm2RyhAM8OzxEWUVZF_4xxRVDrByZffPZl6EZtathQadq7jMWQE_fXqYkhP5tQ HTTP/1.1" 200 928
DEBUG:urllib3.connectionpool:Starting new HTTPS connection (1): www.cms.gov:443
DEBUG:urllib3.connectionpool:https://www.cms.gov:443 "GET /Research-Statistics-Data-and-Systems/Downloadable-Public-Use-Files/SynPUFs/Downloads/DE1_0_2008_to_2010_Inpatient_Claims_Sample_9.zip HTTP/1.1" 200 4157566
DEBUG:urllib3.connectionpool:https://storage.googleapis.com:443 "POST /upload/storage/v1/b/cms-inpatient/o?uploadType=resumable HTTP/1.1" 200 0
DEBUG:urllib3.connectionpool:https://storage.googleapis.com:443 "PUT /upload/storage/v1/b/cms-inpatient/o?uploadType=resumable&upload_id=AEnB2UrneZaggjIcqHyxNZyYa0C0Myhb3Xdb7wlbwfmYx2eZyZEWJSkecfIzR9p14xpdnBKMeTdxEV14MkYAJsdSbwtB2Ingqw HTTP/1.1" 200 920
DEBUG:urllib3.connectionpool:Starting new HTTPS connection (1): www.cms.gov:443
DEBUG:urllib3.connectionpool:https://www.cms.gov:443 "GET /Research-Statistics-Data-and-Systems/Downloadable-Public-Use-Files/SynPUFs/Downloads/DE1_0_2009_Beneficiary_Summary_File_Sample_9.zip HTTP/1.1" 200 3175460
DEBUG:urllib3.connectionpool:https://storage.googleapis.com:443 "POST /upload/storage/v1/b/cms-beneficiary/o?uploadType=resumable HTTP/1.1" 200 0
DEBUG:urllib3.connectionpool:https://storage.googleapis.com:443 "PUT /upload/storage/v1/b/cms-beneficiary/o?uploadType=resumable&upload_id=AEnB2UqLLRskUR1tpeD93HWSyezpVpcQrJrd6NL5CaFkS-kknfk2_6s0suuHVCs2Dm767F18SaJhhOsUdjzVAitlARkkkLHVuc7G3ppoKp0Lv1G2_4v8WDg HTTP/1.1" 200 928
DEBUG:urllib3.connectionpool:Starting new HTTPS connection (1): www.cms.gov:443
DEBUG:urllib3.connectionpool:https://www.cms.gov:443 "GET /Research-Statistics-Data-and-Systems/Downloadable-Public-Use-Files/SynPUFs/Downloads/DE1_0_2010_Beneficiary_Summary_File_Sample_9.zip HTTP/1.1" 200 2957416
DEBUG:urllib3.connectionpool:https://storage.googleapis.com:443 "POST /upload/storage/v1/b/cms-beneficiary/o?uploadType=resumable HTTP/1.1" 200 0
DEBUG:urllib3.connectionpool:https://storage.googleapis.com:443 "PUT /upload/storage/v1/b/cms-beneficiary/o?uploadType=resumable&upload_id=AEnB2UqAWMzfu5bq-8AregIIx58Dyj21OlSzgFz3XUOqIuo-2-HWsr11roAi55d2i6YkSYK6z-VMYHvxEf7W7OwB-aK_pklxLQ HTTP/1.1" 200 928
DEBUG:urllib3.connectionpool:Starting new HTTPS connection (1): www.cms.gov:443
DEBUG:urllib3.connectionpool:https://www.cms.gov:443 "GET /Research-Statistics-Data-and-Systems/Downloadable-Public-Use-Files/SynPUFs/DESample10 HTTP/1.1" 200 15823
DEBUG:urllib3.connectionpool:Starting new HTTPS connection (1): www.cms.gov:443
DEBUG:urllib3.connectionpool:https://www.cms.gov:443 "GET /Research-Statistics-Data-and-Systems/Downloadable-Public-Use-Files/SynPUFs/Downloads/DE1_0_2008_Beneficiary_Summary_File_Sample_10.zip HTTP/1.1" 200 3118051
DEBUG:urllib3.connectionpool:https://storage.googleapis.com:443 "POST /upload/storage/v1/b/cms-beneficiary/o?uploadType=resumable HTTP/1.1" 200 0
DEBUG:urllib3.connectionpool:https://storage.googleapis.com:443 "PUT /upload/storage/v1/b/cms-beneficiary/o?uploadType=resumable&upload_id=AEnB2UqfQmjmLsCOCr8kZFQN61QmMG5yhAxEJ3sH7C_DVCeSDbGtojdei94PUbDMdjQrRVuL6rISPtiNEOvo4g80x-K_805Cxg HTTP/1.1" 200 932
DEBUG:urllib3.connectionpool:Starting new HTTPS connection (1): www.cms.gov:443
DEBUG:urllib3.connectionpool:https://www.cms.gov:443 "GET /Research-Statistics-Data-and-Systems/Downloadable-Public-Use-Files/SynPUFs/Downloads/DE1_0_2008_to_2010_Inpatient_Claims_Sample_10.zip HTTP/1.1" 200 4143544
DEBUG:urllib3.connectionpool:https://storage.googleapis.com:443 "POST /upload/storage/v1/b/cms-inpatient/o?uploadType=resumable HTTP/1.1" 200 0
DEBUG:urllib3.connectionpool:https://storage.googleapis.com:443 "PUT /upload/storage/v1/b/cms-inpatient/o?uploadType=resumable&upload_id=AEnB2Uq0WvM2bmoWCOBnA3OZODMZguivBimRHdX50IKGcYEnJh7eMOYe5ea0T3ThX2z35fCmhJqTZbTc9ASXjyhjGkOTStOoxbRwPh9V8GSAkyNprUNMEQ8 HTTP/1.1" 200 924
DEBUG:urllib3.connectionpool:Starting new HTTPS connection (1): www.cms.gov:443
DEBUG:urllib3.connectionpool:https://www.cms.gov:443 "GET /Research-Statistics-Data-and-Systems/Downloadable-Public-Use-Files/SynPUFs/Downloads/DE1_0_2009_Beneficiary_Summary_File_Sample_10.zip HTTP/1.1" 200 3179319
DEBUG:urllib3.connectionpool:https://storage.googleapis.com:443 "POST /upload/storage/v1/b/cms-beneficiary/o?uploadType=resumable HTTP/1.1" 200 0
DEBUG:urllib3.connectionpool:https://storage.googleapis.com:443 "PUT /upload/storage/v1/b/cms-beneficiary/o?uploadType=resumable&upload_id=AEnB2UrYrrvwUt3RCICk__Fl4MlCF6iIrc0NXN076RDV-u0GHQgf2-c3UYMlTfTR9e5gUAdD8l_0-O8tHS7-37BgqQ_23WaKbQ HTTP/1.1" 200 932
DEBUG:urllib3.connectionpool:Starting new HTTPS connection (1): www.cms.gov:443
DEBUG:urllib3.connectionpool:https://www.cms.gov:443 "GET /Research-Statistics-Data-and-Systems/Downloadable-Public-Use-Files/SynPUFs/Downloads/DE1_0_2010_Beneficiary_Summary_File_Sample_10.zip HTTP/1.1" 200 2959521
DEBUG:urllib3.connectionpool:https://storage.googleapis.com:443 "POST /upload/storage/v1/b/cms-beneficiary/o?uploadType=resumable HTTP/1.1" 200 0
DEBUG:urllib3.connectionpool:https://storage.googleapis.com:443 "PUT /upload/storage/v1/b/cms-beneficiary/o?uploadType=resumable&upload_id=AEnB2UodKhS_Iubn6n2pv-CY554jor62KK-OiR-g_TJ3QUSdUiF50eOZd7f0BO-WRjleWDpQA-NwjBTlCfLEFtOFLaxUxsVQCQhX6nAd85GhTE5KGGVksy8 HTTP/1.1" 200 932
DEBUG:urllib3.connectionpool:Starting new HTTPS connection (1): www.cms.gov:443
DEBUG:urllib3.connectionpool:https://www.cms.gov:443 "GET /Research-Statistics-Data-and-Systems/Downloadable-Public-Use-Files/SynPUFs/DESample11 HTTP/1.1" 200 15822
DEBUG:urllib3.connectionpool:Starting new HTTPS connection (1): www.cms.gov:443
DEBUG:urllib3.connectionpool:https://www.cms.gov:443 "GET /Research-Statistics-Data-and-Systems/Downloadable-Public-Use-Files/SynPUFs/Downloads/DE1_0_2008_Beneficiary_Summary_File_Sample_11.zip HTTP/1.1" 200 3120962
DEBUG:urllib3.connectionpool:https://storage.googleapis.com:443 "POST /upload/storage/v1/b/cms-beneficiary/o?uploadType=resumable HTTP/1.1" 200 0
DEBUG:urllib3.connectionpool:https://storage.googleapis.com:443 "PUT /upload/storage/v1/b/cms-beneficiary/o?uploadType=resumable&upload_id=AEnB2UqoheuWvPfKuFIpZ1XvD5ZG04F1hO-eTwKPMIpRLJGJOIC5SB8JMapMTF-whn-yDC-dnRTJkKa9cWS_Cc6uTnwiETuY9w HTTP/1.1" 200 932
DEBUG:urllib3.connectionpool:Starting new HTTPS connection (1): www.cms.gov:443
DEBUG:urllib3.connectionpool:https://www.cms.gov:443 "GET /Research-Statistics-Data-and-Systems/Downloadable-Public-Use-Files/SynPUFs/Downloads/DE1_0_2008_to_2010_Inpatient_Claims_Sample_11.zip HTTP/1.1" 200 4134211
DEBUG:urllib3.connectionpool:https://storage.googleapis.com:443 "POST /upload/storage/v1/b/cms-inpatient/o?uploadType=resumable HTTP/1.1" 200 0
DEBUG:urllib3.connectionpool:https://storage.googleapis.com:443 "PUT /upload/storage/v1/b/cms-inpatient/o?uploadType=resumable&upload_id=AEnB2UoQ3o_A-nqp7QWT43c8iGsiJZ8yUVTq8LbhYclm9VXokC1vT35cOvx3FDpEVrAmbodpfDpY5UIfiRFYouBWMSw46nAcb9ok9RB4jZ9IKVfGcgdREhA HTTP/1.1" 200 924
DEBUG:urllib3.connectionpool:Starting new HTTPS connection (1): www.cms.gov:443
DEBUG:urllib3.connectionpool:https://www.cms.gov:443 "GET /Research-Statistics-Data-and-Systems/Downloadable-Public-Use-Files/SynPUFs/Downloads/DE1_0_2009_Beneficiary_Summary_File_Sample_11.zip HTTP/1.1" 200 3176142
DEBUG:urllib3.connectionpool:https://storage.googleapis.com:443 "POST /upload/storage/v1/b/cms-beneficiary/o?uploadType=resumable HTTP/1.1" 200 0
DEBUG:urllib3.connectionpool:https://storage.googleapis.com:443 "PUT /upload/storage/v1/b/cms-beneficiary/o?uploadType=resumable&upload_id=AEnB2UqwUMJqt81JjIRFqIl8-FkgSrL_n6bR4Ma42ksKgJREkI_4n7a-QuJAttF72H8gnmi7sKOKIVeK-dcg9RETZd94JnVi9kNKgDdNZL-SOlFC2TA4yIM HTTP/1.1" 200 932
DEBUG:urllib3.connectionpool:Starting new HTTPS connection (1): www.cms.gov:443
DEBUG:urllib3.connectionpool:https://www.cms.gov:443 "GET /Research-Statistics-Data-and-Systems/Downloadable-Public-Use-Files/SynPUFs/Downloads/DE1_0_2010_Beneficiary_Summary_File_Sample_11.zip HTTP/1.1" 200 2956504
DEBUG:urllib3.connectionpool:https://storage.googleapis.com:443 "POST /upload/storage/v1/b/cms-beneficiary/o?uploadType=resumable HTTP/1.1" 200 0
DEBUG:urllib3.connectionpool:https://storage.googleapis.com:443 "PUT /upload/storage/v1/b/cms-beneficiary/o?uploadType=resumable&upload_id=AEnB2UqFBbSlcefck7dUL4gX8ue_ZEvp6xvxS7awAZCizy_k_vD3p6tN1dy90hWXuiSR8txLrd_KkCCST8iEXbYUyv2TID1NKadV8_GmipxQ1E6syETGhs0 HTTP/1.1" 200 932
DEBUG:urllib3.connectionpool:Starting new HTTPS connection (1): www.cms.gov:443
DEBUG:urllib3.connectionpool:https://www.cms.gov:443 "GET /Research-Statistics-Data-and-Systems/Downloadable-Public-Use-Files/SynPUFs/DESample12 HTTP/1.1" 200 15819
DEBUG:urllib3.connectionpool:Starting new HTTPS connection (1): www.cms.gov:443
DEBUG:urllib3.connectionpool:https://www.cms.gov:443 "GET /Research-Statistics-Data-and-Systems/Downloadable-Public-Use-Files/SynPUFs/Downloads/DE1_0_2008_Beneficiary_Summary_File_Sample_12.zip HTTP/1.1" 200 3118840
DEBUG:urllib3.connectionpool:https://storage.googleapis.com:443 "POST /upload/storage/v1/b/cms-beneficiary/o?uploadType=resumable HTTP/1.1" 200 0
DEBUG:urllib3.connectionpool:https://storage.googleapis.com:443 "PUT /upload/storage/v1/b/cms-beneficiary/o?uploadType=resumable&upload_id=AEnB2UrIN5ZeqEP1PYNmW79PiIM61HMbRenhxZpdi021g-3iV82mmxKIRSNQ6nEF8pfWlkscWQ7A5JW6aBVx9iIKv7Xyi2542fe84S2julZmkf4SYTTWtsY HTTP/1.1" 200 932
DEBUG:urllib3.connectionpool:Starting new HTTPS connection (1): www.cms.gov:443
DEBUG:urllib3.connectionpool:https://www.cms.gov:443 "GET /Research-Statistics-Data-and-Systems/Downloadable-Public-Use-Files/SynPUFs/Downloads/DE1_0_2008_to_2010_Inpatient_Claims_Sample_12.zip HTTP/1.1" 200 4149769
DEBUG:urllib3.connectionpool:https://storage.googleapis.com:443 "POST /upload/storage/v1/b/cms-inpatient/o?uploadType=resumable HTTP/1.1" 200 0
DEBUG:urllib3.connectionpool:https://storage.googleapis.com:443 "PUT /upload/storage/v1/b/cms-inpatient/o?uploadType=resumable&upload_id=AEnB2Uo2nvMxObioXPLQaZ_N8z3YkxhMqirdmpdYiTOF1NcF5N_d83eWjWoI7DB0PgaUrP6lTazTdIeu2sP-_TJi1I9sLsGZQw HTTP/1.1" 200 924
DEBUG:urllib3.connectionpool:Starting new HTTPS connection (1): www.cms.gov:443
DEBUG:urllib3.connectionpool:https://www.cms.gov:443 "GET /Research-Statistics-Data-and-Systems/Downloadable-Public-Use-Files/SynPUFs/Downloads/DE1_0_2009_Beneficiary_Summary_File_Sample_12.zip HTTP/1.1" 200 3179925
DEBUG:urllib3.connectionpool:https://storage.googleapis.com:443 "POST /upload/storage/v1/b/cms-beneficiary/o?uploadType=resumable HTTP/1.1" 200 0
DEBUG:urllib3.connectionpool:https://storage.googleapis.com:443 "PUT /upload/storage/v1/b/cms-beneficiary/o?uploadType=resumable&upload_id=AEnB2Uq5t1gsgNdGJy_cmuK4PndWTbiWDxydGRH1ki3_dTHO0gc2RnH_zVMe7LuPvS9A5FZXKrJYDzg6W7U3GMWvTpsZs8gJkyW7l_KdajvwWUOem_D3ssk HTTP/1.1" 200 932
DEBUG:urllib3.connectionpool:Starting new HTTPS connection (1): www.cms.gov:443
DEBUG:urllib3.connectionpool:https://www.cms.gov:443 "GET /Research-Statistics-Data-and-Systems/Downloadable-Public-Use-Files/SynPUFs/Downloads/DE1_0_2010_Beneficiary_Summary_File_Sample_12.zip HTTP/1.1" 200 2962130
DEBUG:urllib3.connectionpool:https://storage.googleapis.com:443 "POST /upload/storage/v1/b/cms-beneficiary/o?uploadType=resumable HTTP/1.1" 200 0
DEBUG:urllib3.connectionpool:https://storage.googleapis.com:443 "PUT /upload/storage/v1/b/cms-beneficiary/o?uploadType=resumable&upload_id=AEnB2UqahcD0NcQu6DBqeWTYbdT0Xk7sPj-fAigNc8IrPhitYIIICIS9QM0aIoBH590MOVHOkPSfPUG2SM2L3TAayrHRotfB_y3em32gGJtoS0FiPn2-o3o HTTP/1.1" 200 932
DEBUG:urllib3.connectionpool:Starting new HTTPS connection (1): www.cms.gov:443
DEBUG:urllib3.connectionpool:https://www.cms.gov:443 "GET /Research-Statistics-Data-and-Systems/Downloadable-Public-Use-Files/SynPUFs/DESample13 HTTP/1.1" 200 16104
DEBUG:urllib3.connectionpool:Starting new HTTPS connection (1): www.cms.gov:443
DEBUG:urllib3.connectionpool:https://www.cms.gov:443 "GET /Research-Statistics-Data-and-Systems/Downloadable-Public-Use-Files/SynPUFs/Downloads/DE1_0_2008_Beneficiary_Summary_File_Sample_13.zip HTTP/1.1" 200 3119595
DEBUG:urllib3.connectionpool:https://storage.googleapis.com:443 "POST /upload/storage/v1/b/cms-beneficiary/o?uploadType=resumable HTTP/1.1" 200 0
DEBUG:urllib3.connectionpool:https://storage.googleapis.com:443 "PUT /upload/storage/v1/b/cms-beneficiary/o?uploadType=resumable&upload_id=AEnB2Uqv-BHuV76jvDfEzoQ5E0YFFJpzT60z-cY0R1XwWtyvT0bBDDe5JRS8MOgdbQI-3Dzndze3NrSErJ_1stvqPXcmNAzz_w HTTP/1.1" 200 932
DEBUG:urllib3.connectionpool:Starting new HTTPS connection (1): www.cms.gov:443
DEBUG:urllib3.connectionpool:https://www.cms.gov:443 "GET /Research-Statistics-Data-and-Systems/Downloadable-Public-Use-Files/SynPUFs/Downloads/DE1_0_2008_to_2010_Inpatient_Claims_Sample_13.zip HTTP/1.1" 200 4127370
DEBUG:urllib3.connectionpool:https://storage.googleapis.com:443 "POST /upload/storage/v1/b/cms-inpatient/o?uploadType=resumable HTTP/1.1" 200 0
DEBUG:urllib3.connectionpool:https://storage.googleapis.com:443 "PUT /upload/storage/v1/b/cms-inpatient/o?uploadType=resumable&upload_id=AEnB2Uoh5slSU3GBMhf1194EYoVY99nWuX64iTn1icOYTHW54o_uMZ3A_2A_SiiuITvcovG89mh49GpPSywpw_cu0QrS3ADLN5ryPEkih5SWbPvChfT6TZU HTTP/1.1" 200 924
DEBUG:urllib3.connectionpool:Starting new HTTPS connection (1): www.cms.gov:443
DEBUG:urllib3.connectionpool:https://www.cms.gov:443 "GET /Research-Statistics-Data-and-Systems/Downloadable-Public-Use-Files/SynPUFs/Downloads/DE1_0_2009_Beneficiary_Summary_File_Sample_13.zip HTTP/1.1" 200 3177386
DEBUG:urllib3.connectionpool:https://storage.googleapis.com:443 "POST /upload/storage/v1/b/cms-beneficiary/o?uploadType=resumable HTTP/1.1" 200 0
DEBUG:urllib3.connectionpool:https://storage.googleapis.com:443 "PUT /upload/storage/v1/b/cms-beneficiary/o?uploadType=resumable&upload_id=AEnB2UppG9ryGWFw9JEZOGNysCR5hNJpnOapX1dmuttjhxOvsVvQh_O4q3Im7vkRW7jhVy6_k52dwvXoPII3-5DCpk-1azkU_KAvMWtdYJjcVsqx2OudhIE HTTP/1.1" 200 932
DEBUG:urllib3.connectionpool:Starting new HTTPS connection (1): www.cms.gov:443
DEBUG:urllib3.connectionpool:https://www.cms.gov:443 "GET /Research-Statistics-Data-and-Systems/Downloadable-Public-Use-Files/SynPUFs/Downloads/DE1_0_2010_Beneficiary_Summary_File_Sample_13.zip HTTP/1.1" 200 2954856
DEBUG:urllib3.connectionpool:https://storage.googleapis.com:443 "POST /upload/storage/v1/b/cms-beneficiary/o?uploadType=resumable HTTP/1.1" 200 0
DEBUG:urllib3.connectionpool:https://storage.googleapis.com:443 "PUT /upload/storage/v1/b/cms-beneficiary/o?uploadType=resumable&upload_id=AEnB2UqIh4HhQ4-A2t3fyCccZdkIN81GQf1MsXDsVzfbC6v7bqLNhUfQiI1R_zOIb9Yv4XelN9xZYZX2bYxJTkNgbGfN9Upqqfio5SxiWSVjafTVNtBLERk HTTP/1.1" 200 932
DEBUG:urllib3.connectionpool:Starting new HTTPS connection (1): www.cms.gov:443
DEBUG:urllib3.connectionpool:https://www.cms.gov:443 "GET /Research-Statistics-Data-and-Systems/Downloadable-Public-Use-Files/SynPUFs/DESample14 HTTP/1.1" 200 15816
DEBUG:urllib3.connectionpool:Starting new HTTPS connection (1): www.cms.gov:443
DEBUG:urllib3.connectionpool:https://www.cms.gov:443 "GET /Research-Statistics-Data-and-Systems/Downloadable-Public-Use-Files/SynPUFs/Downloads/DE1_0_2008_Beneficiary_Summary_File_Sample_14.zip HTTP/1.1" 200 3119339
DEBUG:urllib3.connectionpool:https://storage.googleapis.com:443 "POST /upload/storage/v1/b/cms-beneficiary/o?uploadType=resumable HTTP/1.1" 200 0
DEBUG:urllib3.connectionpool:https://storage.googleapis.com:443 "PUT /upload/storage/v1/b/cms-beneficiary/o?uploadType=resumable&upload_id=AEnB2Uo2nr56eQKlUYhwT-4Tju2uzyOrYXunOBDJJVTPdeeM0nQi1mI5WwUCWoqXzYT7fOSsuXYNPtol7C5v3uOHW9cwUJ1DZU_rmelGLqcSjFTqOlHB_rg HTTP/1.1" 200 932
DEBUG:urllib3.connectionpool:Starting new HTTPS connection (1): www.cms.gov:443
DEBUG:urllib3.connectionpool:https://www.cms.gov:443 "GET /Research-Statistics-Data-and-Systems/Downloadable-Public-Use-Files/SynPUFs/Downloads/DE1_0_2008_to_2010_Inpatient_Claims_Sample_14.zip HTTP/1.1" 200 4169605
DEBUG:urllib3.connectionpool:https://storage.googleapis.com:443 "POST /upload/storage/v1/b/cms-inpatient/o?uploadType=resumable HTTP/1.1" 200 0
DEBUG:urllib3.connectionpool:https://storage.googleapis.com:443 "PUT /upload/storage/v1/b/cms-inpatient/o?uploadType=resumable&upload_id=AEnB2Upweb7T3n-N-Xe_ydAHilIwBBxWzRjys_GVqWPTZ7XUVbh2PgRcmOqtMUFwt6_kMptU4ZCTOmNS6Je-HQhl9g56m-_KUQ HTTP/1.1" 200 924
DEBUG:urllib3.connectionpool:Starting new HTTPS connection (1): www.cms.gov:443
DEBUG:urllib3.connectionpool:https://www.cms.gov:443 "GET /Research-Statistics-Data-and-Systems/Downloadable-Public-Use-Files/SynPUFs/Downloads/DE1_0_2009_Beneficiary_Summary_File_Sample_14.zip HTTP/1.1" 200 3180831
DEBUG:urllib3.connectionpool:https://storage.googleapis.com:443 "POST /upload/storage/v1/b/cms-beneficiary/o?uploadType=resumable HTTP/1.1" 200 0
DEBUG:urllib3.connectionpool:https://storage.googleapis.com:443 "PUT /upload/storage/v1/b/cms-beneficiary/o?uploadType=resumable&upload_id=AEnB2UrqCT0kAs9tXbTLpKQ_Jahzh_vN1TIpjPy0bzHijwYbzvbqlrK_t5_Il3k8Y4HU4B4e9Pu-zLF-qL4vT9ilUoKGVijigJ0DZILCb2a8-_8opxKEmZ8 HTTP/1.1" 200 932
DEBUG:urllib3.connectionpool:Starting new HTTPS connection (1): www.cms.gov:443
DEBUG:urllib3.connectionpool:https://www.cms.gov:443 "GET /Research-Statistics-Data-and-Systems/Downloadable-Public-Use-Files/SynPUFs/Downloads/DE1_0_2010_Beneficiary_Summary_File_Sample_14.zip HTTP/1.1" 200 2960974
DEBUG:urllib3.connectionpool:https://storage.googleapis.com:443 "POST /upload/storage/v1/b/cms-beneficiary/o?uploadType=resumable HTTP/1.1" 200 0
DEBUG:urllib3.connectionpool:https://storage.googleapis.com:443 "PUT /upload/storage/v1/b/cms-beneficiary/o?uploadType=resumable&upload_id=AEnB2Ur4eG4eHwYoHkgaZpvZvXTgMWItWfFmkQMgKfy2YMydcyX5tIWB5tjD5u6cbxnbvkHgtvQ353VuFCnLC3eVLdA3uGgas4ME7KvP8Jno9bs58OUQZJ8 HTTP/1.1" 200 932
DEBUG:urllib3.connectionpool:Starting new HTTPS connection (1): www.cms.gov:443
DEBUG:urllib3.connectionpool:https://www.cms.gov:443 "GET /Research-Statistics-Data-and-Systems/Downloadable-Public-Use-Files/SynPUFs/DESample15 HTTP/1.1" 200 16133
DEBUG:urllib3.connectionpool:Starting new HTTPS connection (1): www.cms.gov:443
DEBUG:urllib3.connectionpool:https://www.cms.gov:443 "GET /Research-Statistics-Data-and-Systems/Downloadable-Public-Use-Files/SynPUFs/Downloads/DE1_0_2008_Beneficiary_Summary_File_Sample_15.zip HTTP/1.1" 200 3120233
DEBUG:urllib3.connectionpool:https://storage.googleapis.com:443 "POST /upload/storage/v1/b/cms-beneficiary/o?uploadType=resumable HTTP/1.1" 200 0
DEBUG:urllib3.connectionpool:https://storage.googleapis.com:443 "PUT /upload/storage/v1/b/cms-beneficiary/o?uploadType=resumable&upload_id=AEnB2UouxTFM-jsmbqplPE1pzczZB_1Fe9E42NPZJGFhK-Db0yB-J1Gr625WHO3--1BS-pBhrPHyVwvW-wv3TOGBd57bjxwohw HTTP/1.1" 200 932
DEBUG:urllib3.connectionpool:Starting new HTTPS connection (1): www.cms.gov:443
DEBUG:urllib3.connectionpool:https://www.cms.gov:443 "GET /Research-Statistics-Data-and-Systems/Downloadable-Public-Use-Files/SynPUFs/Downloads/DE1_0_2008_to_2010_Inpatient_Claims_Sample_15.zip HTTP/1.1" 200 4159813
DEBUG:urllib3.connectionpool:https://storage.googleapis.com:443 "POST /upload/storage/v1/b/cms-inpatient/o?uploadType=resumable HTTP/1.1" 200 0
DEBUG:urllib3.connectionpool:https://storage.googleapis.com:443 "PUT /upload/storage/v1/b/cms-inpatient/o?uploadType=resumable&upload_id=AEnB2UrC9AfQ6_w6I7je_lWQUjBq_D6ils9m6PgCwS3usdgahoTo7GbI3xFMrkKjSSP44KyJrH99HRWqryNB0io18pH-F7-Jyu65pVXdmeEO7SwfoHQA3HU HTTP/1.1" 200 924
DEBUG:urllib3.connectionpool:Starting new HTTPS connection (1): www.cms.gov:443
DEBUG:urllib3.connectionpool:https://www.cms.gov:443 "GET /Research-Statistics-Data-and-Systems/Downloadable-Public-Use-Files/SynPUFs/Downloads/DE1_0_2009_Beneficiary_Summary_File_Sample_15.zip HTTP/1.1" 200 3178689
DEBUG:urllib3.connectionpool:https://storage.googleapis.com:443 "POST /upload/storage/v1/b/cms-beneficiary/o?uploadType=resumable HTTP/1.1" 200 0
DEBUG:urllib3.connectionpool:https://storage.googleapis.com:443 "PUT /upload/storage/v1/b/cms-beneficiary/o?uploadType=resumable&upload_id=AEnB2UrqvyEt9Xoe9K5kdMrTkbJvVRFiFtU_CqCzF6UsFtEqfU6seLEOjAzCeaJWG0bRzvL1JSf_dTXX7SQt9B_b3OV7CoxG_e9J-MVCx9FXX5c1KgsJu_c HTTP/1.1" 200 932
DEBUG:urllib3.connectionpool:Starting new HTTPS connection (1): www.cms.gov:443
DEBUG:urllib3.connectionpool:https://www.cms.gov:443 "GET /Research-Statistics-Data-and-Systems/Downloadable-Public-Use-Files/SynPUFs/Downloads/DE1_0_2010_Beneficiary_Summary_File_Sample_15.zip HTTP/1.1" 200 2960800
DEBUG:urllib3.connectionpool:https://storage.googleapis.com:443 "POST /upload/storage/v1/b/cms-beneficiary/o?uploadType=resumable HTTP/1.1" 200 0
DEBUG:urllib3.connectionpool:https://storage.googleapis.com:443 "PUT /upload/storage/v1/b/cms-beneficiary/o?uploadType=resumable&upload_id=AEnB2UoZwgx1LXie33pUaEt8EENLB_WtLFxv1u0fAljtdyqQOZIAgzdvKCKx44UHFmLfXNva4fN_CDATa8N__daD_iWJM8o9Dez_FwfkAMvtp9O_CSfeDYc HTTP/1.1" 200 932
DEBUG:urllib3.connectionpool:Starting new HTTPS connection (1): www.cms.gov:443
DEBUG:urllib3.connectionpool:https://www.cms.gov:443 "GET /Research-Statistics-Data-and-Systems/Downloadable-Public-Use-Files/SynPUFs/DESample16 HTTP/1.1" 200 15828
DEBUG:urllib3.connectionpool:Starting new HTTPS connection (1): www.cms.gov:443
DEBUG:urllib3.connectionpool:https://www.cms.gov:443 "GET /Research-Statistics-Data-and-Systems/Downloadable-Public-Use-Files/SynPUFs/Downloads/DE1_0_2008_Beneficiary_Summary_File_Sample_16.zip HTTP/1.1" 200 3118993
DEBUG:urllib3.connectionpool:https://storage.googleapis.com:443 "POST /upload/storage/v1/b/cms-beneficiary/o?uploadType=resumable HTTP/1.1" 200 0
DEBUG:urllib3.connectionpool:https://storage.googleapis.com:443 "PUT /upload/storage/v1/b/cms-beneficiary/o?uploadType=resumable&upload_id=AEnB2UqAhFMYFGfmKlj-bkcePspgEbPcCdNARaHlyfe1zATPquLtokXrsU8_68N0qYGoimkUyfEXMi7Cv93CEr6OTrUTVHFAtBAaFKRw8aSpAuLEL8JjInU HTTP/1.1" 200 932
DEBUG:urllib3.connectionpool:Starting new HTTPS connection (1): www.cms.gov:443
DEBUG:urllib3.connectionpool:https://www.cms.gov:443 "GET /Research-Statistics-Data-and-Systems/Downloadable-Public-Use-Files/SynPUFs/Downloads/DE1_0_2008_to_2010_Inpatient_Claims_Sample_16.zip HTTP/1.1" 200 4159490
DEBUG:urllib3.connectionpool:https://storage.googleapis.com:443 "POST /upload/storage/v1/b/cms-inpatient/o?uploadType=resumable HTTP/1.1" 200 0
DEBUG:urllib3.connectionpool:https://storage.googleapis.com:443 "PUT /upload/storage/v1/b/cms-inpatient/o?uploadType=resumable&upload_id=AEnB2UpX-pOQAWqNh7Z6qUmAtwyWMz0cYGMax3OUsQbu-dGQDyWAMXPdE5yNDbuoIGykODShPY3jQVYQc9EQCfyzwQHsK9S0krB2bnpl-MQ_JaKFKNfJNfI HTTP/1.1" 200 924
DEBUG:urllib3.connectionpool:Starting new HTTPS connection (1): www.cms.gov:443
DEBUG:urllib3.connectionpool:https://www.cms.gov:443 "GET /Research-Statistics-Data-and-Systems/Downloadable-Public-Use-Files/SynPUFs/Downloads/DE1_0_2009_Beneficiary_Summary_File_Sample_16.zip HTTP/1.1" 200 3178971
DEBUG:urllib3.connectionpool:https://storage.googleapis.com:443 "POST /upload/storage/v1/b/cms-beneficiary/o?uploadType=resumable HTTP/1.1" 200 0
DEBUG:urllib3.connectionpool:https://storage.googleapis.com:443 "PUT /upload/storage/v1/b/cms-beneficiary/o?uploadType=resumable&upload_id=AEnB2UpcrkNnCw0w6YXgKmMxa3j_nOGNf89iZlhyaYbVso5Uqb72MQeETl3Al36sc7wg-cwASBqG_ysL2AAywsgdOJ-BF5uVVRQmbyb0CfFAvUeEh7-cMgY HTTP/1.1" 200 932
DEBUG:urllib3.connectionpool:Starting new HTTPS connection (1): www.cms.gov:443
DEBUG:urllib3.connectionpool:https://www.cms.gov:443 "GET /Research-Statistics-Data-and-Systems/Downloadable-Public-Use-Files/SynPUFs/Downloads/DE1_0_2010_Beneficiary_Summary_File_Sample_16.zip HTTP/1.1" 200 2964930
DEBUG:urllib3.connectionpool:https://storage.googleapis.com:443 "POST /upload/storage/v1/b/cms-beneficiary/o?uploadType=resumable HTTP/1.1" 200 0
DEBUG:urllib3.connectionpool:https://storage.googleapis.com:443 "PUT /upload/storage/v1/b/cms-beneficiary/o?uploadType=resumable&upload_id=AEnB2UrXRK1DIr1s8xsIP-m1OmL11pe07finyYq1bs3o_y_l5S6rsMMJWowQaNQy2VE6bx8WXUXM2Qe5ijyZ_e7u907R9ql1fg HTTP/1.1" 200 932
DEBUG:urllib3.connectionpool:Starting new HTTPS connection (1): www.cms.gov:443
DEBUG:urllib3.connectionpool:https://www.cms.gov:443 "GET /Research-Statistics-Data-and-Systems/Downloadable-Public-Use-Files/SynPUFs/DESample17 HTTP/1.1" 200 15828
DEBUG:urllib3.connectionpool:Starting new HTTPS connection (1): www.cms.gov:443
DEBUG:urllib3.connectionpool:https://www.cms.gov:443 "GET /Research-Statistics-Data-and-Systems/Downloadable-Public-Use-Files/SynPUFs/Downloads/DE1_0_2008_Beneficiary_Summary_File_Sample_17.zip HTTP/1.1" 200 3117820
DEBUG:urllib3.connectionpool:https://storage.googleapis.com:443 "POST /upload/storage/v1/b/cms-beneficiary/o?uploadType=resumable HTTP/1.1" 200 0
DEBUG:urllib3.connectionpool:https://storage.googleapis.com:443 "PUT /upload/storage/v1/b/cms-beneficiary/o?uploadType=resumable&upload_id=AEnB2Uof3hd7qevyB1cFyaK1kHXpHFFkIFIYyapkHhkEKgt3DX2m53xejlQ4Er1wpeJVMYRh7CmEizTaSc6hspHbWipc-R2rc0Nu6iwaKbZN54cQAVaiNDA HTTP/1.1" 200 932
DEBUG:urllib3.connectionpool:Starting new HTTPS connection (1): www.cms.gov:443
DEBUG:urllib3.connectionpool:https://www.cms.gov:443 "GET /Research-Statistics-Data-and-Systems/Downloadable-Public-Use-Files/SynPUFs/Downloads/DE1_0_2008_to_2010_Inpatient_Claims_Sample_17.zip HTTP/1.1" 200 4141311
DEBUG:urllib3.connectionpool:https://storage.googleapis.com:443 "POST /upload/storage/v1/b/cms-inpatient/o?uploadType=resumable HTTP/1.1" 200 0
DEBUG:urllib3.connectionpool:https://storage.googleapis.com:443 "PUT /upload/storage/v1/b/cms-inpatient/o?uploadType=resumable&upload_id=AEnB2UpQrNA535caECvgqEkN9ro4konmSDcxWfKRMCSFkWO1Nj6H0ku7s7sdqPg4EWeDYFCp18PZ4FLczP43zUwQ0OGtROTgM8XEvfXScOhcLt2jlyGtXek HTTP/1.1" 200 924
DEBUG:urllib3.connectionpool:Starting new HTTPS connection (1): www.cms.gov:443
DEBUG:urllib3.connectionpool:https://www.cms.gov:443 "GET /Research-Statistics-Data-and-Systems/Downloadable-Public-Use-Files/SynPUFs/Downloads/DE1_0_2009_Beneficiary_Summary_File_Sample_17.zip HTTP/1.1" 200 3175010
DEBUG:urllib3.connectionpool:https://storage.googleapis.com:443 "POST /upload/storage/v1/b/cms-beneficiary/o?uploadType=resumable HTTP/1.1" 200 0
DEBUG:urllib3.connectionpool:https://storage.googleapis.com:443 "PUT /upload/storage/v1/b/cms-beneficiary/o?uploadType=resumable&upload_id=AEnB2UoNoexX6u2UYbQlK4GSQFL1MVGCFrifh11YXmkLzuECEjimS_ngBJ2hKX48pCYxkfuRC1KOr9ozSNwmSPVUIriuXGkd_upLv7lwx5ub3mkWploHnjk HTTP/1.1" 200 932
DEBUG:urllib3.connectionpool:Starting new HTTPS connection (1): www.cms.gov:443
DEBUG:urllib3.connectionpool:https://www.cms.gov:443 "GET /Research-Statistics-Data-and-Systems/Downloadable-Public-Use-Files/SynPUFs/Downloads/DE1_0_2010_Beneficiary_Summary_File_Sample_17.zip HTTP/1.1" 200 2956555
DEBUG:urllib3.connectionpool:https://storage.googleapis.com:443 "POST /upload/storage/v1/b/cms-beneficiary/o?uploadType=resumable HTTP/1.1" 200 0
DEBUG:urllib3.connectionpool:https://storage.googleapis.com:443 "PUT /upload/storage/v1/b/cms-beneficiary/o?uploadType=resumable&upload_id=AEnB2UqXdumCWXm_CSYbT-c8RB1LhfDoavZ-PbmYxgUtssMFS2xy6mTAioaFWMWsXJVaNUvmJS5wxvSCKXSBUYE8d9UhWu_ZsHlDPjuS9aVaTQdN8eRLyis HTTP/1.1" 200 968
DEBUG:urllib3.connectionpool:Starting new HTTPS connection (1): www.cms.gov:443
DEBUG:urllib3.connectionpool:https://www.cms.gov:443 "GET /Research-Statistics-Data-and-Systems/Downloadable-Public-Use-Files/SynPUFs/DESample18 HTTP/1.1" 200 15827
DEBUG:urllib3.connectionpool:Starting new HTTPS connection (1): www.cms.gov:443
DEBUG:urllib3.connectionpool:https://www.cms.gov:443 "GET /Research-Statistics-Data-and-Systems/Downloadable-Public-Use-Files/SynPUFs/Downloads/DE1_0_2008_Beneficiary_Summary_File_Sample_18.zip HTTP/1.1" 200 3121601
DEBUG:urllib3.connectionpool:https://storage.googleapis.com:443 "POST /upload/storage/v1/b/cms-beneficiary/o?uploadType=resumable HTTP/1.1" 200 0
DEBUG:urllib3.connectionpool:https://storage.googleapis.com:443 "PUT /upload/storage/v1/b/cms-beneficiary/o?uploadType=resumable&upload_id=AEnB2UrrtCfXV-AVPa_PGAjB1FXgTqnN3ck_X-uvc3mGo4GiQnWaC5Y_aMx-j-rg4wX9xFL7ZA1ciWvmV8jG7nvlKL8GwmAPLDjXBzaZMRWttKBEpwRwFoc HTTP/1.1" 200 932
DEBUG:urllib3.connectionpool:Starting new HTTPS connection (1): www.cms.gov:443
DEBUG:urllib3.connectionpool:https://www.cms.gov:443 "GET /Research-Statistics-Data-and-Systems/Downloadable-Public-Use-Files/SynPUFs/Downloads/DE1_0_2008_to_2010_Inpatient_Claims_Sample_18.zip HTTP/1.1" 200 4139335
DEBUG:urllib3.connectionpool:https://storage.googleapis.com:443 "POST /upload/storage/v1/b/cms-inpatient/o?uploadType=resumable HTTP/1.1" 200 0
DEBUG:urllib3.connectionpool:https://storage.googleapis.com:443 "PUT /upload/storage/v1/b/cms-inpatient/o?uploadType=resumable&upload_id=AEnB2UpgeOsr0CX4F_re9Wau-k0FPS_ZvTW-KItrcIml53sTrfnoPTlY22xXzTl8q-2EJIH0iC5r7dGM0SZC7LONm2tOG0pyzKTKwwq_ihlsPQX27ekREos HTTP/1.1" 200 924
DEBUG:urllib3.connectionpool:Starting new HTTPS connection (1): www.cms.gov:443
DEBUG:urllib3.connectionpool:https://www.cms.gov:443 "GET /Research-Statistics-Data-and-Systems/Downloadable-Public-Use-Files/SynPUFs/Downloads/DE1_0_2009_Beneficiary_Summary_File_Sample_18.zip HTTP/1.1" 200 3180608
DEBUG:urllib3.connectionpool:https://storage.googleapis.com:443 "POST /upload/storage/v1/b/cms-beneficiary/o?uploadType=resumable HTTP/1.1" 200 0
DEBUG:urllib3.connectionpool:https://storage.googleapis.com:443 "PUT /upload/storage/v1/b/cms-beneficiary/o?uploadType=resumable&upload_id=AEnB2UqqQ0YxSrxdVllSR-zzEDkCrAe4d0sxD3SAdPUxcr_aOG7CcFkvHanNcxhl-m2EPDnWTZXgG6_OkJOk8bRPzVBF0TlxKNx5jVsABVlJC9_qACMnFpU HTTP/1.1" 200 932
DEBUG:urllib3.connectionpool:Starting new HTTPS connection (1): www.cms.gov:443
DEBUG:urllib3.connectionpool:https://www.cms.gov:443 "GET /Research-Statistics-Data-and-Systems/Downloadable-Public-Use-Files/SynPUFs/Downloads/DE1_0_2010_Beneficiary_Summary_File_Sample_18.zip HTTP/1.1" 200 2964257
DEBUG:urllib3.connectionpool:https://storage.googleapis.com:443 "POST /upload/storage/v1/b/cms-beneficiary/o?uploadType=resumable HTTP/1.1" 200 0
DEBUG:urllib3.connectionpool:https://storage.googleapis.com:443 "PUT /upload/storage/v1/b/cms-beneficiary/o?uploadType=resumable&upload_id=AEnB2UqtipPoFXoH38aqzixGg0r-e9_mNYVW5WvhavuiTqEDusNU11Lr1iRBgVIAs3z2ohg_HHf10Ha_ozb5Hoqf8R4U08IkYd7zXxxWY3DkiOy0Y6ogPxQ HTTP/1.1" 200 932
DEBUG:urllib3.connectionpool:Starting new HTTPS connection (1): www.cms.gov:443
DEBUG:urllib3.connectionpool:https://www.cms.gov:443 "GET /Research-Statistics-Data-and-Systems/Downloadable-Public-Use-Files/SynPUFs/DESample19 HTTP/1.1" 200 15825
DEBUG:urllib3.connectionpool:Starting new HTTPS connection (1): www.cms.gov:443
DEBUG:urllib3.connectionpool:https://www.cms.gov:443 "GET /Research-Statistics-Data-and-Systems/Downloadable-Public-Use-Files/SynPUFs/Downloads/DE1_0_2008_Beneficiary_Summary_File_Sample_19.zip HTTP/1.1" 200 3118229
DEBUG:urllib3.connectionpool:https://storage.googleapis.com:443 "POST /upload/storage/v1/b/cms-beneficiary/o?uploadType=resumable HTTP/1.1" 200 0
DEBUG:urllib3.connectionpool:https://storage.googleapis.com:443 "PUT /upload/storage/v1/b/cms-beneficiary/o?uploadType=resumable&upload_id=AEnB2UqJa3GoOXeQ5u_uNL6YDwhnjRXg1rC4dvLz7dD5Q3l15jO0zjpDeqNSAfIoDeOlKVJiAWPbT7YNgedfMi2xvIHvXI8Wog HTTP/1.1" 200 932
DEBUG:urllib3.connectionpool:Starting new HTTPS connection (1): www.cms.gov:443
DEBUG:urllib3.connectionpool:https://www.cms.gov:443 "GET /Research-Statistics-Data-and-Systems/Downloadable-Public-Use-Files/SynPUFs/Downloads/DE1_0_2008_to_2010_Inpatient_Claims_Sample_19.zip HTTP/1.1" 200 4173116
DEBUG:urllib3.connectionpool:https://storage.googleapis.com:443 "POST /upload/storage/v1/b/cms-inpatient/o?uploadType=resumable HTTP/1.1" 200 0
DEBUG:urllib3.connectionpool:https://storage.googleapis.com:443 "PUT /upload/storage/v1/b/cms-inpatient/o?uploadType=resumable&upload_id=AEnB2Ur-O4QAaRey6zi_RA6SBK2nc9lJL16cpxDC_slP1d5tP5ZZNROvBkS7lYPIiL0_h-4NGJ24UKLT7-jJPLoAuiDWW9nQcQtrq2gjyH_2eo-2tQmjBfU HTTP/1.1" 200 924
DEBUG:urllib3.connectionpool:Starting new HTTPS connection (1): www.cms.gov:443
DEBUG:urllib3.connectionpool:https://www.cms.gov:443 "GET /Research-Statistics-Data-and-Systems/Downloadable-Public-Use-Files/SynPUFs/Downloads/DE1_0_2009_Beneficiary_Summary_File_Sample_19.zip HTTP/1.1" 200 3178723
DEBUG:urllib3.connectionpool:https://storage.googleapis.com:443 "POST /upload/storage/v1/b/cms-beneficiary/o?uploadType=resumable HTTP/1.1" 200 0
DEBUG:urllib3.connectionpool:https://storage.googleapis.com:443 "PUT /upload/storage/v1/b/cms-beneficiary/o?uploadType=resumable&upload_id=AEnB2UrpkwFmgYtAGk86iK5gVT3N8PAQEkK21xcbS1mRC15Nc8cINBVokIRt_nmMtGOZ-rBnxeoxKECxpSUA3oe5-HfxW_YU23p08sv2knbdq--sOHbEJsU HTTP/1.1" 200 932
DEBUG:urllib3.connectionpool:Starting new HTTPS connection (1): www.cms.gov:443
DEBUG:urllib3.connectionpool:https://www.cms.gov:443 "GET /Research-Statistics-Data-and-Systems/Downloadable-Public-Use-Files/SynPUFs/Downloads/DE1_0_2010_Beneficiary_Summary_File_Sample_19.zip HTTP/1.1" 200 2960538
DEBUG:urllib3.connectionpool:https://storage.googleapis.com:443 "POST /upload/storage/v1/b/cms-beneficiary/o?uploadType=resumable HTTP/1.1" 200 0
DEBUG:urllib3.connectionpool:https://storage.googleapis.com:443 "PUT /upload/storage/v1/b/cms-beneficiary/o?uploadType=resumable&upload_id=AEnB2Up4QL5iz60hwW61in7ewrRHlB-zzhS2x4xQZwmjMLTdzNslONfmEQls5kenJzYBem1_UHbuw3BTRHSlxz4Hq2xp2Z8X0SIUqiQOglZlYcso0iOYvrg HTTP/1.1" 200 932
DEBUG:urllib3.connectionpool:Starting new HTTPS connection (1): www.cms.gov:443
DEBUG:urllib3.connectionpool:https://www.cms.gov:443 "GET /Research-Statistics-Data-and-Systems/Downloadable-Public-Use-Files/SynPUFs/DESample20 HTTP/1.1" 200 15842
DEBUG:urllib3.connectionpool:Starting new HTTPS connection (1): www.cms.gov:443
DEBUG:urllib3.connectionpool:https://www.cms.gov:443 "GET /Research-Statistics-Data-and-Systems/Statistics-Trends-and-Reports/SynPUFs/Downloads/DE1_0_2008_Beneficiary_Summary_File_Sample_20.zip HTTP/1.1" 200 3117967
DEBUG:urllib3.connectionpool:https://storage.googleapis.com:443 "POST /upload/storage/v1/b/cms-beneficiary/o?uploadType=resumable HTTP/1.1" 200 0
DEBUG:urllib3.connectionpool:https://storage.googleapis.com:443 "PUT /upload/storage/v1/b/cms-beneficiary/o?uploadType=resumable&upload_id=AEnB2UqAEEu0JNRUqgtAtrhwc6uP5lrV6rkymqwq7ksZTeV7rRTlPGRCDFJxNYEhhVpA9BKQlEC5lLVRP7Rv2cbnE-rMrUZ1Pk5oTZLWloRk2V3Ju20Hq9A HTTP/1.1" 200 932
DEBUG:urllib3.connectionpool:Starting new HTTPS connection (1): www.cms.gov:443
DEBUG:urllib3.connectionpool:https://www.cms.gov:443 "GET /Research-Statistics-Data-and-Systems/Statistics-Trends-and-Reports/SynPUFs/Downloads/DE1_0_2008_to_2010_Inpatient_Claims_Sample_20.zip HTTP/1.1" 200 4142943
DEBUG:urllib3.connectionpool:https://storage.googleapis.com:443 "POST /upload/storage/v1/b/cms-inpatient/o?uploadType=resumable HTTP/1.1" 200 0
DEBUG:urllib3.connectionpool:https://storage.googleapis.com:443 "PUT /upload/storage/v1/b/cms-inpatient/o?uploadType=resumable&upload_id=AEnB2UoH4KbjdPFYK0gpbtrynI3rrS07_yiKsfOjPK1L_02195aP1PCEsjygSvNvsjPPnfkDuj1t10Ivr5HJO0YKa5EmThBbPGMk6NWf-uiTwNeYF9G-v9A HTTP/1.1" 200 924
DEBUG:urllib3.connectionpool:Starting new HTTPS connection (1): www.cms.gov:443
DEBUG:urllib3.connectionpool:https://www.cms.gov:443 "GET /Research-Statistics-Data-and-Systems/Downloadable-Public-Use-Files/SynPUFs/Downloads/DE1_0_2009_Beneficiary_Summary_File_Sample_20.zip HTTP/1.1" 200 3180950
DEBUG:urllib3.connectionpool:https://storage.googleapis.com:443 "POST /upload/storage/v1/b/cms-beneficiary/o?uploadType=resumable HTTP/1.1" 200 0
DEBUG:urllib3.connectionpool:https://storage.googleapis.com:443 "PUT /upload/storage/v1/b/cms-beneficiary/o?uploadType=resumable&upload_id=AEnB2Uobk-oFv9Qo4UhjHJojkEXrbijkiSuUnM85enK7ywzYKsBA9bmYodHG6a-O1MCJNkKNWtXXdPErHvyVFFR65e4xj3iIcA HTTP/1.1" 200 932
DEBUG:urllib3.connectionpool:Starting new HTTPS connection (1): www.cms.gov:443
DEBUG:urllib3.connectionpool:https://www.cms.gov:443 "GET /Research-Statistics-Data-and-Systems/Downloadable-Public-Use-Files/SynPUFs/Downloads/DE1_0_2010_Beneficiary_Summary_File_Sample_20.zip HTTP/1.1" 200 2960045
DEBUG:urllib3.connectionpool:https://storage.googleapis.com:443 "POST /upload/storage/v1/b/cms-beneficiary/o?uploadType=resumable HTTP/1.1" 200 0
DEBUG:urllib3.connectionpool:https://storage.googleapis.com:443 "PUT /upload/storage/v1/b/cms-beneficiary/o?uploadType=resumable&upload_id=AEnB2Uq211tycOtJqn2ZYVm8YCMoBRLTJAHe2SnSEtKX-WNdMGtcFlXV0NrdoIvHnzDHZRWi9ZqpN7iOj-s2osOE6uVXXU5MmpYkj9MVg7TNYRg3xkprAnw HTTP/1.1" 200 932
INFO:root:Data processing finished at 2020-04-12 06:22:31.150938
INFO:root:80 total files processed
INFO:root:Total execution time: 0:05:37.373896
INFO:werkzeug:127.0.0.1 - - [12/Apr/2020 06:22:31] "GET /?authuser=1 HTTP/1.1" 200 -
